# JRE version: Java(TM) SE Runtime Environment (8.0_51-b16) (build 1.8.0_51-b16)
# Java VM: Java HotSpot(TM) 64-Bit Server VM (25.51-b03 mixed mode windows-amd64 compressed oops)
Heap:
 PSYoungGen      total 634880K, used 549828K [0x00000000d5900000, 0x0000000100000000, 0x0000000100000000)
  eden space 585216K, 85% used [0x00000000d5900000,0x00000000f41f0cc8,0x00000000f9480000)
  from space 49664K, 98% used [0x00000000f9480000,0x00000000fc480410,0x00000000fc500000)
  to   space 60416K, 0% used [0x00000000fc500000,0x00000000fc500000,0x0000000100000000)
 ParOldGen       total 142336K, used 90111K [0x0000000080a00000, 0x0000000089500000, 0x00000000d5900000)
  object space 142336K, 63% used [0x0000000080a00000,0x00000000861fffe0,0x0000000089500000)
 Metaspace       used 52470K, capacity 69892K, committed 70056K, reserved 1101824K
  class space    used 12190K, capacity 16941K, committed 17064K, reserved 1048576K
GC Heap History (10 events):
Event: 784.516 GC heap before
{Heap before GC invocations=32 (full 3):
 PSYoungGen      total 639488K, used 589705K [0x00000000d5900000, 0x0000000100000000, 0x0000000100000000)
  eden space 582656K, 100% used [0x00000000d5900000,0x00000000f9200000,0x00000000f9200000)
  from space 56832K, 12% used [0x00000000fc880000,0x00000000fcf625f8,0x0000000100000000)
  to   space 55808K, 0% used [0x00000000f9200000,0x00000000f9200000,0x00000000fc880000)
 ParOldGen       total 142336K, used 84500K [0x0000000080a00000, 0x0000000089500000, 0x00000000d5900000)
  object space 142336K, 59% used [0x0000000080a00000,0x0000000085c85280,0x0000000089500000)
 Metaspace       used 46128K, capacity 60242K, committed 60456K, reserved 1095680K
  class space    used 10546K, capacity 14537K, committed 14632K, reserved 1048576K
Event: 784.535 GC heap after
Heap after GC invocations=32 (full 3):
 PSYoungGen      total 598528K, used 15681K [0x00000000d5900000, 0x00000000ff900000, 0x0000000100000000)
  eden space 582656K, 0% used [0x00000000d5900000,0x00000000d5900000,0x00000000f9200000)
  from space 15872K, 98% used [0x00000000f9200000,0x00000000fa1505a8,0x00000000fa180000)
  to   space 52736K, 0% used [0x00000000fc580000,0x00000000fc580000,0x00000000ff900000)
 ParOldGen       total 142336K, used 84508K [0x0000000080a00000, 0x0000000089500000, 0x00000000d5900000)
  object space 142336K, 59% used [0x0000000080a00000,0x0000000085c87280,0x0000000089500000)
 Metaspace       used 46128K, capacity 60242K, committed 60456K, reserved 1095680K
  class space    used 10546K, capacity 14537K, committed 14632K, reserved 1048576K
}
Event: 784.958 GC heap before
{Heap before GC invocations=33 (full 3):
 PSYoungGen      total 598528K, used 598337K [0x00000000d5900000, 0x00000000ff900000, 0x0000000100000000)
  eden space 582656K, 100% used [0x00000000d5900000,0x00000000f9200000,0x00000000f9200000)
  from space 15872K, 98% used [0x00000000f9200000,0x00000000fa1505a8,0x00000000fa180000)
  to   space 52736K, 0% used [0x00000000fc580000,0x00000000fc580000,0x00000000ff900000)
 ParOldGen       total 142336K, used 84508K [0x0000000080a00000, 0x0000000089500000, 0x00000000d5900000)
  object space 142336K, 59% used [0x0000000080a00000,0x0000000085c87280,0x0000000089500000)
 Metaspace       used 46898K, capacity 61518K, committed 61736K, reserved 1095680K
  class space    used 10773K, capacity 14881K, committed 14888K, reserved 1048576K
Event: 784.973 GC heap after
Heap after GC invocations=33 (full 3):
 PSYoungGen      total 638464K, used 17248K [0x00000000d5900000, 0x0000000100000000, 0x0000000100000000)
  eden space 585728K, 0% used [0x00000000d5900000,0x00000000d5900000,0x00000000f9500000)
  from space 52736K, 32% used [0x00000000fc580000,0x00000000fd6580e8,0x00000000ff900000)
  to   space 49664K, 0% used [0x00000000f9500000,0x00000000f9500000,0x00000000fc580000)
 ParOldGen       total 142336K, used 84516K [0x0000000080a00000, 0x0000000089500000, 0x00000000d5900000)
  object space 142336K, 59% used [0x0000000080a00000,0x0000000085c89280,0x0000000089500000)
 Metaspace       used 46898K, capacity 61518K, committed 61736K, reserved 1095680K
  class space    used 10773K, capacity 14881K, committed 14888K, reserved 1048576K
}
Event: 789.335 GC heap before
{Heap before GC invocations=34 (full 3):
 PSYoungGen      total 638464K, used 602976K [0x00000000d5900000, 0x0000000100000000, 0x0000000100000000)
  eden space 585728K, 100% used [0x00000000d5900000,0x00000000f9500000,0x00000000f9500000)
  from space 52736K, 32% used [0x00000000fc580000,0x00000000fd6580e8,0x00000000ff900000)
  to   space 49664K, 0% used [0x00000000f9500000,0x00000000f9500000,0x00000000fc580000)
 ParOldGen       total 142336K, used 84516K [0x0000000080a00000, 0x0000000089500000, 0x00000000d5900000)
  object space 142336K, 59% used [0x0000000080a00000,0x0000000085c89280,0x0000000089500000)
 Metaspace       used 52048K, capacity 69464K, committed 69672K, reserved 1101824K
  class space    used 12119K, capacity 16842K, committed 16936K, reserved 1048576K
Event: 789.359 GC heap after
Heap after GC invocations=34 (full 3):
 PSYoungGen      total 635392K, used 17497K [0x00000000d5900000, 0x00000000ff800000, 0x0000000100000000)
  eden space 585728K, 0% used [0x00000000d5900000,0x00000000d5900000,0x00000000f9500000)
  from space 49664K, 35% used [0x00000000f9500000,0x00000000fa616468,0x00000000fc580000)
  to   space 47104K, 0% used [0x00000000fca00000,0x00000000fca00000,0x00000000ff800000)
 ParOldGen       total 142336K, used 90103K [0x0000000080a00000, 0x0000000089500000, 0x00000000d5900000)
  object space 142336K, 63% used [0x0000000080a00000,0x00000000861fdfe0,0x0000000089500000)
 Metaspace       used 52048K, capacity 69464K, committed 69672K, reserved 1101824K
  class space    used 12119K, capacity 16842K, committed 16936K, reserved 1048576K
}
Event: 792.771 GC heap before
{Heap before GC invocations=35 (full 3):
 PSYoungGen      total 635392K, used 603225K [0x00000000d5900000, 0x00000000ff800000, 0x0000000100000000)
  eden space 585728K, 100% used [0x00000000d5900000,0x00000000f9500000,0x00000000f9500000)
  from space 49664K, 35% used [0x00000000f9500000,0x00000000fa616468,0x00000000fc580000)
  to   space 47104K, 0% used [0x00000000fca00000,0x00000000fca00000,0x00000000ff800000)
 ParOldGen       total 142336K, used 90103K [0x0000000080a00000, 0x0000000089500000, 0x00000000d5900000)
  object space 142336K, 63% used [0x0000000080a00000,0x00000000861fdfe0,0x0000000089500000)
 Metaspace       used 52121K, capacity 69494K, committed 69672K, reserved 1101824K
  class space    used 12122K, capacity 16846K, committed 16936K, reserved 1048576K
Event: 792.800 GC heap after
Heap after GC invocations=35 (full 3):
 PSYoungGen      total 632320K, used 46552K [0x00000000d5900000, 0x0000000100000000, 0x0000000100000000)
  eden space 585216K, 0% used [0x00000000d5900000,0x00000000d5900000,0x00000000f9480000)
  from space 47104K, 98% used [0x00000000fca00000,0x00000000ff776150,0x00000000ff800000)
  to   space 54784K, 0% used [0x00000000f9480000,0x00000000f9480000,0x00000000fca00000)
 ParOldGen       total 142336K, used 90111K [0x0000000080a00000, 0x0000000089500000, 0x00000000d5900000)
  object space 142336K, 63% used [0x0000000080a00000,0x00000000861fffe0,0x0000000089500000)
 Metaspace       used 52121K, capacity 69494K, committed 69672K, reserved 1101824K
  class space    used 12122K, capacity 16846K, committed 16936K, reserved 1048576K
}
Event: 793.756 GC heap before
{Heap before GC invocations=36 (full 3):
 PSYoungGen      total 632320K, used 631768K [0x00000000d5900000, 0x0000000100000000, 0x0000000100000000)
  eden space 585216K, 100% used [0x00000000d5900000,0x00000000f9480000,0x00000000f9480000)
  from space 47104K, 98% used [0x00000000fca00000,0x00000000ff776150,0x00000000ff800000)
  to   space 54784K, 0% used [0x00000000f9480000,0x00000000f9480000,0x00000000fca00000)
 ParOldGen       total 142336K, used 90111K [0x0000000080a00000, 0x0000000089500000, 0x00000000d5900000)
  object space 142336K, 63% used [0x0000000080a00000,0x00000000861fffe0,0x0000000089500000)
 Metaspace       used 52124K, capacity 69494K, committed 69672K, reserved 1101824K
  class space    used 12122K, capacity 16846K, committed 16936K, reserved 1048576K
Event: 793.784 GC heap after
Heap after GC invocations=36 (full 3):
 PSYoungGen      total 634880K, used 49153K [0x00000000d5900000, 0x0000000100000000, 0x0000000100000000)
  eden space 585216K, 0% used [0x00000000d5900000,0x00000000d5900000,0x00000000f9480000)
  from space 49664K, 98% used [0x00000000f9480000,0x00000000fc480410,0x00000000fc500000)
  to   space 60416K, 0% used [0x00000000fc500000,0x00000000fc500000,0x0000000100000000)
 ParOldGen       total 142336K, used 90111K [0x0000000080a00000, 0x0000000089500000, 0x00000000d5900000)
  object space 142336K, 63% used [0x0000000080a00000,0x00000000861fffe0,0x0000000089500000)
 Metaspace       used 52124K, capacity 69494K, committed 69672K, reserved 1101824K
  class space    used 12122K, capacity 16846K, committed 16936K, reserved 1048576K
}

